<?xml version="1.0" encoding="UTF-8"?>
<!-- Generated by org.testng.reporters.JUnitXMLReporter -->
<testsuite hostname="Jasdeeps-MacBook-Pro.local" ignored="0" name="test1" tests="1" failures="1" timestamp="21 Mar 2017 09:34:20 GMT" time="0.076" errors="0">
  <testcase name="test1" time="0.057" classname="Selenium_Project.Google_search.AppTest">
    <failure type="java.lang.IllegalStateException" message="The driver executable does not exist: /Users/jasdeepkaur/Documents/workspace/Google_search/src/chromedriver 2">
      <![CDATA[java.lang.IllegalStateException: The driver executable does not exist: /Users/jasdeepkaur/Documents/workspace/Google_search/src/chromedriver 2
	at com.google.common.base.Preconditions.checkState(Preconditions.java:518)
	at org.openqa.selenium.remote.service.DriverService.checkExecutable(DriverService.java:123)
	at org.openqa.selenium.remote.service.DriverService.findExecutable(DriverService.java:118)
	at org.openqa.selenium.chrome.ChromeDriverService.access$000(ChromeDriverService.java:32)
	at org.openqa.selenium.chrome.ChromeDriverService$Builder.findDefaultExecutable(ChromeDriverService.java:137)
	at org.openqa.selenium.remote.service.DriverService$Builder.build(DriverService.java:302)
	at org.openqa.selenium.chrome.ChromeDriverService.createDefaultService(ChromeDriverService.java:88)
	at org.openqa.selenium.chrome.ChromeDriver.<init>(ChromeDriver.java:124)
	at Selenium_Project.Google_search.AppTest.test1(AppTest.java:16)
... Removed 25 stack frames]]>
    </failure>
  </testcase> <!-- test1 -->
</testsuite> <!-- test1 -->
