-------------------------------------------------------------------------------
Test set: Selenium_Project.Google_search.AppTest
-------------------------------------------------------------------------------
Tests run: 2, Failures: 1, Errors: 0, Skipped: 0, Time elapsed: 14.507 sec <<< FAILURE!
test3(Selenium_Project.Google_search.AppTest)  Time elapsed: 0.003 sec  <<< FAILURE!
java.lang.NullPointerException
	at Selenium_Project.Google_search.AppTest.test3(AppTest.java:37)

